<?xml version="1.0" encoding="UTF-8"?>
<!-- Generated by org.testng.reporters.JUnitReportReporter -->
<testsuite name="com.Kanbon.script.LoginTest" tests="1" failures="0" timestamp="20 Aug 2018 09:29:31 GMT" time="26.160" errors="0">
  <testcase name="verifyValidLogin" time="26.160" classname="com.Kanbon.script.LoginTest"/>
</testsuite> <!-- com.Kanbon.script.LoginTest -->
