<?xml version="1.0" encoding="UTF-8"?>
<!-- Generated by org.testng.reporters.JUnitReportReporter -->
<testsuite name="com.Kanbon.test.Test1" tests="1" failures="0" timestamp="20 Aug 2018 04:37:20 GMT" time="10.665" errors="0">
  <testcase name="te" time="10.665" classname="com.Kanbon.test.Test1"/>
</testsuite> <!-- com.Kanbon.test.Test1 -->
